<entry/>
<entry/>
<entry/>
<entry/>
<entry/>
<entry/>
<entry/>
<entry/>
<entry/>
<entry/>
<entry/>
<entry/>
<entry/>
<entry/>
<entry/>
<entry/>
<entry/>